<?xml version="1.0" encoding="UTF-8"?>
<!-- Generated by org.testng.reporters.JUnitReportReporter -->
<testsuite hostname="Romanpreets-MacBook-Air.local" failures="0" tests="1" name="com.envision.automation.tests.LaunchBrowserTest" time="19.119" errors="0" timestamp="8 Oct 2022 20:19:27 GMT">
  <testcase classname="com.envision.automation.tests.LaunchBrowserTest" name="testLaunchBrowser" time="19.119"/>
</testsuite> <!-- com.envision.automation.tests.LaunchBrowserTest -->
